SF:lib/features/characters/data/datasources/character_remote_datasource_impl.dart
DA:8,1
DA:10,1
DA:13,3
DA:15,2
DA:16,1
DA:17,1
DA:18,4
DA:20,3
DA:22,1
DA:23,2
DA:24,2
DA:25,1
DA:26,2
DA:27,1
DA:29,1
DA:32,1
LF:16
LH:16
end_of_record
SF:lib/features/characters/data/models/character_model.dart
DA:4,4
DA:12,2
DA:13,2
DA:14,2
DA:15,2
DA:16,2
DA:17,2
DA:18,2
DA:22,1
DA:23,1
DA:24,1
DA:25,1
DA:26,1
DA:27,1
DA:28,1
DA:32,2
DA:33,2
DA:34,2
DA:35,2
DA:36,2
DA:37,2
DA:38,2
LF:22
LH:22
end_of_record
SF:lib/core/di/injection_container.dart
DA:10,6
DA:12,0
DA:13,0
DA:14,0
DA:17,0
DA:18,0
DA:19,0
DA:20,0
DA:21,0
DA:22,0
DA:23,0
DA:30,0
DA:31,0
DA:32,0
DA:33,0
DA:37,0
DA:38,0
DA:39,0
DA:43,0
DA:44,0
DA:45,0
DA:49,0
DA:50,0
LF:23
LH:1
end_of_record
SF:lib/features/characters/domain/repositories/character_repository_impl.dart
DA:8,1
DA:10,1
DA:12,2
DA:13,4
LF:4
LH:4
end_of_record
SF:lib/features/characters/domain/usecases/get_characters.dart
DA:7,1
DA:9,1
DA:10,2
LF:3
LH:3
end_of_record
SF:lib/features/characters/presentation/viewmodels/character_viewmodel.dart
DA:8,3
DA:16,3
DA:17,3
DA:18,1
DA:20,3
DA:21,3
DA:22,3
DA:25,9
DA:27,1
DA:28,0
DA:31,2
DA:33,2
DA:34,2
DA:37,2
DA:40,3
DA:41,3
DA:42,1
DA:44,6
DA:45,1
DA:47,3
DA:48,1
DA:51,3
DA:56,3
DA:57,3
DA:60,1
DA:61,1
DA:62,1
DA:63,2
DA:64,1
LF:29
LH:28
end_of_record
SF:lib/core/theme/app_theme.dart
DA:28,0
DA:29,0
DA:31,0
DA:46,0
DA:49,0
DA:75,3
DA:76,3
DA:78,3
DA:93,3
DA:96,6
DA:146,1
DA:147,1
DA:148,1
DA:150,0
DA:152,0
DA:160,2
DA:163,0
DA:165,0
DA:166,0
DA:167,0
LF:20
LH:9
end_of_record
SF:lib/features/characters/domain/entities/character.dart
DA:8,8
LF:1
LH:1
end_of_record
SF:lib/features/characters/presentation/pages/character_list_page.dart
DA:8,11
DA:10,2
DA:11,2
DA:18,2
DA:20,2
DA:21,6
DA:23,6
DA:24,2
DA:25,2
DA:26,4
DA:30,4
DA:31,0
DA:32,0
DA:33,0
DA:34,0
DA:39,2
DA:41,4
DA:42,2
DA:45,2
DA:47,2
DA:48,2
DA:52,2
DA:53,2
DA:55,0
DA:59,2
DA:60,2
DA:61,2
DA:62,2
DA:63,2
DA:64,4
DA:72,4
DA:73,6
DA:74,2
DA:77,2
DA:78,2
DA:80,2
DA:83,2
DA:84,2
DA:90,2
DA:91,4
DA:92,2
DA:98,2
DA:99,0
DA:100,2
DA:113,2
DA:114,0
DA:116,2
DA:117,2
DA:119,8
DA:120,2
DA:121,8
DA:122,4
DA:130,0
DA:131,0
DA:133,0
DA:134,0
DA:135,0
DA:136,0
LF:58
LH:45
end_of_record
SF:lib/features/characters/presentation/widgets/character_card.dart
DA:10,1
DA:12,1
DA:14,1
DA:17,2
DA:18,1
DA:19,1
DA:20,1
DA:21,1
DA:24,1
DA:25,1
DA:26,1
DA:27,1
DA:28,1
DA:29,2
DA:33,1
DA:35,0
DA:39,0
DA:48,1
DA:49,1
DA:52,1
DA:53,1
DA:54,2
DA:60,1
DA:61,1
DA:62,1
DA:65,1
DA:66,3
DA:71,1
DA:72,1
DA:73,5
DA:83,1
LF:31
LH:29
end_of_record
SF:lib/main.dart
DA:6,0
DA:7,0
DA:8,0
DA:9,0
DA:13,11
DA:15,1
DA:17,1
DA:20,1
LF:8
LH:4
end_of_record
